{"contracts/MinionSubdomainRegistrar.sol":{"l":{"36":61,"37":60,"41":30,"42":29,"46":11,"47":10,"58":6,"59":6,"60":6,"66":3,"74":4,"75":3,"82":3,"93":37,"94":37,"95":37,"105":3,"106":3,"107":3,"116":3,"117":3,"118":3,"119":3,"120":3,"131":6,"141":12,"142":12,"144":12,"145":9,"146":9,"149":12,"150":9,"153":12,"155":9,"158":12,"159":12,"161":12,"171":5,"172":4,"174":3,"175":3,"177":3,"179":3,"185":3,"187":3,"199":13,"200":13,"201":13,"204":13,"206":12,"209":12,"212":11,"213":3,"217":11,"219":8,"220":8,"221":8,"224":9,"226":9,"230":9,"231":9,"232":9,"235":9,"237":8,"240":8,"242":7,"244":6,"246":6,"251":15,"253":15,"255":15,"258":15,"261":15,"276":62,"277":53,"280":9},"path":"/home/peter/Documents/RaidGuild/ens-minion/contracts/MinionSubdomainRegistrar.sol","s":{"1":61,"2":30,"3":11,"4":6,"5":6,"6":6,"7":3,"8":4,"9":3,"10":3,"11":37,"12":37,"13":37,"14":3,"15":3,"16":3,"17":3,"18":3,"19":3,"20":3,"21":6,"22":12,"23":12,"24":12,"25":9,"26":9,"27":12,"28":9,"29":12,"30":9,"31":12,"32":12,"33":12,"34":5,"35":4,"36":3,"37":3,"38":3,"39":3,"40":3,"41":13,"42":13,"43":13,"44":13,"45":12,"46":12,"47":11,"48":3,"49":11,"50":8,"51":8,"52":8,"53":9,"54":9,"55":9,"56":9,"57":9,"58":9,"59":8,"60":8,"61":7,"62":6,"63":6,"64":15,"65":15,"66":15,"67":15,"68":15,"69":62,"70":53,"71":9},"b":{"1":[60,1],"2":[29,1],"3":[10,1],"4":[3,1],"5":[9,3],"6":[9,3],"7":[9,3],"8":[4,1],"9":[3,1],"10":[12,1],"11":[11,1],"12":[3,8],"13":[8,3],"14":[6,2],"15":[8,1],"16":[7,1],"17":[6,1],"18":[53,9]},"f":{"1":61,"2":30,"3":11,"4":6,"5":3,"6":4,"7":3,"8":37,"9":3,"10":3,"11":6,"12":12,"13":5,"14":13,"15":9,"16":15,"17":62},"fnMap":{"1":{"name":"owner_only","line":35,"loc":{"start":{"line":35,"column":4},"end":{"line":38,"column":4}}},"2":{"name":"not_stopped","line":40,"loc":{"start":{"line":40,"column":4},"end":{"line":43,"column":4}}},"3":{"name":"registrar_owner_only","line":45,"loc":{"start":{"line":45,"column":4},"end":{"line":48,"column":4}}},"4":{"name":"constructor","line":57,"loc":{"start":{"line":57,"column":4},"end":{"line":61,"column":4}}},"5":{"name":"transferOwnership","line":65,"loc":{"start":{"line":65,"column":4},"end":{"line":67,"column":4}}},"6":{"name":"setMigrationAddress","line":73,"loc":{"start":{"line":73,"column":4},"end":{"line":76,"column":4}}},"7":{"name":"stop","line":81,"loc":{"start":{"line":81,"column":4},"end":{"line":83,"column":4}}},"8":{"name":"setResolver","line":92,"loc":{"start":{"line":92,"column":4},"end":{"line":96,"column":4}}},"9":{"name":"transfer","line":104,"loc":{"start":{"line":104,"column":4},"end":{"line":108,"column":4}}},"10":{"name":"unlistDomain","line":115,"loc":{"start":{"line":115,"column":4},"end":{"line":121,"column":4}}},"11":{"name":"configureDomain","line":130,"loc":{"start":{"line":130,"column":4},"end":{"line":132,"column":4}}},"12":{"name":"configureDomainFor","line":140,"loc":{"start":{"line":140,"column":4},"end":{"line":162,"column":4}}},"13":{"name":"migrate","line":170,"loc":{"start":{"line":170,"column":4},"end":{"line":188,"column":4}}},"14":{"name":"register","line":198,"loc":{"start":{"line":198,"column":4},"end":{"line":227,"column":4}}},"15":{"name":"deregister","line":229,"loc":{"start":{"line":229,"column":4},"end":{"line":247,"column":4}}},"16":{"name":"doRegistration","line":249,"loc":{"start":{"line":249,"column":4},"end":{"line":262,"column":4}}},"17":{"name":"owner","line":275,"loc":{"start":{"line":275,"column":4},"end":{"line":281,"column":4}}}},"statementMap":{"1":{"start":{"line":36,"column":8},"end":{"line":36,"column":42}},"2":{"start":{"line":41,"column":8},"end":{"line":41,"column":24}},"3":{"start":{"line":46,"column":8},"end":{"line":46,"column":44}},"4":{"start":{"line":58,"column":8},"end":{"line":58,"column":17}},"5":{"start":{"line":59,"column":8},"end":{"line":59,"column":38}},"6":{"start":{"line":60,"column":8},"end":{"line":60,"column":34}},"7":{"start":{"line":66,"column":8},"end":{"line":66,"column":32}},"8":{"start":{"line":74,"column":8},"end":{"line":74,"column":23}},"9":{"start":{"line":75,"column":8},"end":{"line":75,"column":29}},"10":{"start":{"line":82,"column":8},"end":{"line":82,"column":21}},"11":{"start":{"line":93,"column":8},"end":{"line":93,"column":46}},"12":{"start":{"line":94,"column":8},"end":{"line":94,"column":67}},"13":{"start":{"line":95,"column":8},"end":{"line":95,"column":38}},"14":{"start":{"line":105,"column":8},"end":{"line":105,"column":46}},"15":{"start":{"line":106,"column":8},"end":{"line":106,"column":64}},"16":{"start":{"line":107,"column":8},"end":{"line":107,"column":38}},"17":{"start":{"line":116,"column":8},"end":{"line":116,"column":46}},"18":{"start":{"line":117,"column":8},"end":{"line":117,"column":73}},"19":{"start":{"line":118,"column":8},"end":{"line":118,"column":93}},"20":{"start":{"line":120,"column":8},"end":{"line":120,"column":34}},"21":{"start":{"line":131,"column":8},"end":{"line":131,"column":51}},"22":{"start":{"line":141,"column":8},"end":{"line":141,"column":46}},"23":{"start":{"line":142,"column":8},"end":{"line":142,"column":46}},"24":{"start":{"line":144,"column":8},"end":{"line":144,"column":4853}},"25":{"start":{"line":145,"column":12},"end":{"line":145,"column":87}},"26":{"start":{"line":146,"column":12},"end":{"line":146,"column":70}},"27":{"start":{"line":149,"column":8},"end":{"line":149,"column":5104}},"28":{"start":{"line":150,"column":12},"end":{"line":150,"column":32}},"29":{"start":{"line":153,"column":8},"end":{"line":153,"column":5188}},"30":{"start":{"line":155,"column":12},"end":{"line":155,"column":29}},"31":{"start":{"line":158,"column":8},"end":{"line":158,"column":29}},"32":{"start":{"line":159,"column":8},"end":{"line":159,"column":47}},"33":{"start":{"line":161,"column":8},"end":{"line":161,"column":50}},"34":{"start":{"line":171,"column":8},"end":{"line":171,"column":23}},"35":{"start":{"line":172,"column":8},"end":{"line":172,"column":41}},"36":{"start":{"line":174,"column":8},"end":{"line":174,"column":46}},"37":{"start":{"line":175,"column":8},"end":{"line":175,"column":46}},"38":{"start":{"line":177,"column":8},"end":{"line":177,"column":62}},"39":{"start":{"line":179,"column":8},"end":{"line":179,"column":5950}},"40":{"start":{"line":187,"column":8},"end":{"line":187,"column":43}},"41":{"start":{"line":199,"column":8},"end":{"line":199,"column":48}},"42":{"start":{"line":200,"column":8},"end":{"line":200,"column":73}},"43":{"start":{"line":201,"column":8},"end":{"line":201,"column":60}},"44":{"start":{"line":204,"column":8},"end":{"line":204,"column":96}},"45":{"start":{"line":206,"column":8},"end":{"line":206,"column":46}},"46":{"start":{"line":209,"column":8},"end":{"line":209,"column":65}},"47":{"start":{"line":212,"column":8},"end":{"line":212,"column":7190}},"48":{"start":{"line":213,"column":12},"end":{"line":213,"column":38}},"49":{"start":{"line":217,"column":8},"end":{"line":217,"column":7376}},"50":{"start":{"line":219,"column":10},"end":{"line":219,"column":91}},"51":{"start":{"line":220,"column":10},"end":{"line":220,"column":88}},"52":{"start":{"line":221,"column":10},"end":{"line":221,"column":53}},"53":{"start":{"line":224,"column":8},"end":{"line":224,"column":85}},"54":{"start":{"line":226,"column":8},"end":{"line":226,"column":62}},"55":{"start":{"line":230,"column":8},"end":{"line":230,"column":73}},"56":{"start":{"line":231,"column":8},"end":{"line":231,"column":60}},"57":{"start":{"line":232,"column":8},"end":{"line":232,"column":99}},"58":{"start":{"line":235,"column":8},"end":{"line":235,"column":44}},"59":{"start":{"line":237,"column":8},"end":{"line":237,"column":46}},"60":{"start":{"line":240,"column":8},"end":{"line":240,"column":65}},"61":{"start":{"line":242,"column":8},"end":{"line":242,"column":75}},"62":{"start":{"line":244,"column":8},"end":{"line":244,"column":81}},"63":{"start":{"line":246,"column":8},"end":{"line":246,"column":58}},"64":{"start":{"line":251,"column":8},"end":{"line":251,"column":54}},"65":{"start":{"line":253,"column":8},"end":{"line":253,"column":66}},"66":{"start":{"line":255,"column":8},"end":{"line":255,"column":50}},"67":{"start":{"line":258,"column":8},"end":{"line":258,"column":48}},"68":{"start":{"line":261,"column":8},"end":{"line":261,"column":44}},"69":{"start":{"line":276,"column":8},"end":{"line":276,"column":9998}},"70":{"start":{"line":277,"column":12},"end":{"line":277,"column":39}},"71":{"start":{"line":280,"column":8},"end":{"line":280,"column":59}}},"branchMap":{"1":{"line":36,"type":"if","locations":[{"start":{"line":36,"column":8},"end":{"line":36,"column":8}},{"start":{"line":36,"column":8},"end":{"line":36,"column":8}}]},"2":{"line":41,"type":"if","locations":[{"start":{"line":41,"column":8},"end":{"line":41,"column":8}},{"start":{"line":41,"column":8},"end":{"line":41,"column":8}}]},"3":{"line":46,"type":"if","locations":[{"start":{"line":46,"column":8},"end":{"line":46,"column":8}},{"start":{"line":46,"column":8},"end":{"line":46,"column":8}}]},"4":{"line":74,"type":"if","locations":[{"start":{"line":74,"column":8},"end":{"line":74,"column":8}},{"start":{"line":74,"column":8},"end":{"line":74,"column":8}}]},"5":{"line":144,"type":"if","locations":[{"start":{"line":144,"column":8},"end":{"line":144,"column":8}},{"start":{"line":144,"column":8},"end":{"line":144,"column":8}}]},"6":{"line":149,"type":"if","locations":[{"start":{"line":149,"column":8},"end":{"line":149,"column":8}},{"start":{"line":149,"column":8},"end":{"line":149,"column":8}}]},"7":{"line":153,"type":"if","locations":[{"start":{"line":153,"column":8},"end":{"line":153,"column":8}},{"start":{"line":153,"column":8},"end":{"line":153,"column":8}}]},"8":{"line":171,"type":"if","locations":[{"start":{"line":171,"column":8},"end":{"line":171,"column":8}},{"start":{"line":171,"column":8},"end":{"line":171,"column":8}}]},"9":{"line":172,"type":"if","locations":[{"start":{"line":172,"column":8},"end":{"line":172,"column":8}},{"start":{"line":172,"column":8},"end":{"line":172,"column":8}}]},"10":{"line":204,"type":"if","locations":[{"start":{"line":204,"column":8},"end":{"line":204,"column":8}},{"start":{"line":204,"column":8},"end":{"line":204,"column":8}}]},"11":{"line":209,"type":"if","locations":[{"start":{"line":209,"column":8},"end":{"line":209,"column":8}},{"start":{"line":209,"column":8},"end":{"line":209,"column":8}}]},"12":{"line":212,"type":"if","locations":[{"start":{"line":212,"column":8},"end":{"line":212,"column":8}},{"start":{"line":212,"column":8},"end":{"line":212,"column":8}}]},"13":{"line":217,"type":"if","locations":[{"start":{"line":217,"column":8},"end":{"line":217,"column":8}},{"start":{"line":217,"column":8},"end":{"line":217,"column":8}}]},"14":{"line":221,"type":"if","locations":[{"start":{"line":221,"column":10},"end":{"line":221,"column":10}},{"start":{"line":221,"column":10},"end":{"line":221,"column":10}}]},"15":{"line":235,"type":"if","locations":[{"start":{"line":235,"column":8},"end":{"line":235,"column":8}},{"start":{"line":235,"column":8},"end":{"line":235,"column":8}}]},"16":{"line":240,"type":"if","locations":[{"start":{"line":240,"column":8},"end":{"line":240,"column":8}},{"start":{"line":240,"column":8},"end":{"line":240,"column":8}}]},"17":{"line":242,"type":"if","locations":[{"start":{"line":242,"column":8},"end":{"line":242,"column":8}},{"start":{"line":242,"column":8},"end":{"line":242,"column":8}}]},"18":{"line":276,"type":"if","locations":[{"start":{"line":276,"column":8},"end":{"line":276,"column":8}},{"start":{"line":276,"column":8},"end":{"line":276,"column":8}}]}}}}