{
"contracts/MinionSubdomainRegistrar.sol":{"l":{"39":59,"40":58,"44":26,"45":25,"49":11,"50":10,"61":6,"62":6,"63":6,"69":3,"77":4,"78":3,"85":3,"96":35,"97":35,"98":35,"108":3,"109":3,"110":3,"119":3,"120":3,"121":3,"122":3,"123":3,"134":6,"144":12,"145":12,"147":12,"148":9,"149":9,"152":12,"153":9,"156":12,"158":9,"161":12,"162":12,"164":12,"174":5,"175":4,"177":3,"178":3,"180":3,"182":3,"188":3,"190":3,"202":9,"203":9,"204":9,"207":9,"209":8,"212":8,"215":7,"216":3,"220":7,"221":7,"223":6,"225":6,"230":6,"232":6,"234":6,"237":6,"240":6,"255":60,"256":51,"259":9},"path":"/home/peter/Documents/RaidGuild/ens-subdomains/ens-minion/contracts/MinionSubdomainRegistrar.sol","s":{"1":59,"2":26,"3":11,"4":6,"5":6,"6":6,"7":3,"8":4,"9":3,"10":3,"11":35,"12":35,"13":35,"14":3,"15":3,"16":3,"17":3,"18":3,"19":3,"20":3,"21":6,"22":12,"23":12,"24":12,"25":9,"26":9,"27":12,"28":9,"29":12,"30":9,"31":12,"32":12,"33":12,"34":5,"35":4,"36":3,"37":3,"38":3,"39":3,"40":3,"41":9,"42":9,"43":9,"44":9,"45":8,"46":8,"47":7,"48":3,"49":7,"50":7,"51":6,"52":6,"53":6,"54":6,"55":6,"56":6,"57":6,"58":60,"59":51,"60":9},"b":{"1":[58,1],"2":[25,1],"3":[10,1],"4":[3,1],"5":[9,3],"6":[9,3],"7":[9,3],"8":[4,1],"9":[3,1],"10":[8,1],"11":[7,1],"12":[3,4],"13":[6,1],"14":[51,9]},"f":{"1":59,"2":26,"3":11,"4":6,"5":3,"6":4,"7":3,"8":35,"9":3,"10":3,"11":6,"12":12,"13":5,"14":9,"15":6,"16":60},"fnMap":{"1":{"name":"owner_only","line":38,"loc":{"start":{"line":38,"column":4},"end":{"line":41,"column":4}}},"2":{"name":"not_stopped","line":43,"loc":{"start":{"line":43,"column":4},"end":{"line":46,"column":4}}},"3":{"name":"registrar_owner_only","line":48,"loc":{"start":{"line":48,"column":4},"end":{"line":51,"column":4}}},"4":{"name":"constructor","line":60,"loc":{"start":{"line":60,"column":4},"end":{"line":64,"column":4}}},"5":{"name":"transferOwnership","line":68,"loc":{"start":{"line":68,"column":4},"end":{"line":70,"column":4}}},"6":{"name":"setMigrationAddress","line":76,"loc":{"start":{"line":76,"column":4},"end":{"line":79,"column":4}}},"7":{"name":"stop","line":84,"loc":{"start":{"line":84,"column":4},"end":{"line":86,"column":4}}},"8":{"name":"setResolver","line":95,"loc":{"start":{"line":95,"column":4},"end":{"line":99,"column":4}}},"9":{"name":"transfer","line":107,"loc":{"start":{"line":107,"column":4},"end":{"line":111,"column":4}}},"10":{"name":"unlistDomain","line":118,"loc":{"start":{"line":118,"column":4},"end":{"line":124,"column":4}}},"11":{"name":"configureDomain","line":133,"loc":{"start":{"line":133,"column":4},"end":{"line":135,"column":4}}},"12":{"name":"configureDomainFor","line":143,"loc":{"start":{"line":143,"column":4},"end":{"line":165,"column":4}}},"13":{"name":"migrate","line":173,"loc":{"start":{"line":173,"column":4},"end":{"line":191,"column":4}}},"14":{"name":"register","line":201,"loc":{"start":{"line":201,"column":4},"end":{"line":226,"column":4}}},"15":{"name":"doRegistration","line":228,"loc":{"start":{"line":228,"column":4},"end":{"line":241,"column":4}}},"16":{"name":"owner","line":254,"loc":{"start":{"line":254,"column":4},"end":{"line":260,"column":4}}}},"statementMap":{"1":{"start":{"line":39,"column":8},"end":{"line":39,"column":42}},"2":{"start":{"line":44,"column":8},"end":{"line":44,"column":24}},"3":{"start":{"line":49,"column":8},"end":{"line":49,"column":44}},"4":{"start":{"line":61,"column":8},"end":{"line":61,"column":17}},"5":{"start":{"line":62,"column":8},"end":{"line":62,"column":38}},"6":{"start":{"line":63,"column":8},"end":{"line":63,"column":34}},"7":{"start":{"line":69,"column":8},"end":{"line":69,"column":32}},"8":{"start":{"line":77,"column":8},"end":{"line":77,"column":23}},"9":{"start":{"line":78,"column":8},"end":{"line":78,"column":29}},"10":{"start":{"line":85,"column":8},"end":{"line":85,"column":21}},"11":{"start":{"line":96,"column":8},"end":{"line":96,"column":46}},"12":{"start":{"line":97,"column":8},"end":{"line":97,"column":67}},"13":{"start":{"line":98,"column":8},"end":{"line":98,"column":38}},"14":{"start":{"line":108,"column":8},"end":{"line":108,"column":46}},"15":{"start":{"line":109,"column":8},"end":{"line":109,"column":64}},"16":{"start":{"line":110,"column":8},"end":{"line":110,"column":38}},"17":{"start":{"line":119,"column":8},"end":{"line":119,"column":46}},"18":{"start":{"line":120,"column":8},"end":{"line":120,"column":73}},"19":{"start":{"line":121,"column":8},"end":{"line":121,"column":93}},"20":{"start":{"line":123,"column":8},"end":{"line":123,"column":34}},"21":{"start":{"line":134,"column":8},"end":{"line":134,"column":51}},"22":{"start":{"line":144,"column":8},"end":{"line":144,"column":46}},"23":{"start":{"line":145,"column":8},"end":{"line":145,"column":46}},"24":{"start":{"line":147,"column":8},"end":{"line":147,"column":4686}},"25":{"start":{"line":148,"column":12},"end":{"line":148,"column":87}},"26":{"start":{"line":149,"column":12},"end":{"line":149,"column":70}},"27":{"start":{"line":152,"column":8},"end":{"line":152,"column":4937}},"28":{"start":{"line":153,"column":12},"end":{"line":153,"column":32}},"29":{"start":{"line":156,"column":8},"end":{"line":156,"column":5021}},"30":{"start":{"line":158,"column":12},"end":{"line":158,"column":29}},"31":{"start":{"line":161,"column":8},"end":{"line":161,"column":29}},"32":{"start":{"line":162,"column":8},"end":{"line":162,"column":47}},"33":{"start":{"line":164,"column":8},"end":{"line":164,"column":44}},"34":{"start":{"line":174,"column":8},"end":{"line":174,"column":23}},"35":{"start":{"line":175,"column":8},"end":{"line":175,"column":41}},"36":{"start":{"line":177,"column":8},"end":{"line":177,"column":46}},"37":{"start":{"line":178,"column":8},"end":{"line":178,"column":46}},"38":{"start":{"line":180,"column":8},"end":{"line":180,"column":62}},"39":{"start":{"line":182,"column":8},"end":{"line":182,"column":5777}},"40":{"start":{"line":190,"column":8},"end":{"line":190,"column":43}},"41":{"start":{"line":202,"column":8},"end":{"line":202,"column":48}},"42":{"start":{"line":203,"column":8},"end":{"line":203,"column":73}},"43":{"start":{"line":204,"column":8},"end":{"line":204,"column":60}},"44":{"start":{"line":207,"column":8},"end":{"line":207,"column":96}},"45":{"start":{"line":209,"column":8},"end":{"line":209,"column":46}},"46":{"start":{"line":212,"column":8},"end":{"line":212,"column":65}},"47":{"start":{"line":215,"column":8},"end":{"line":215,"column":6992}},"48":{"start":{"line":216,"column":12},"end":{"line":216,"column":38}},"49":{"start":{"line":220,"column":8},"end":{"line":220,"column":84}},"50":{"start":{"line":221,"column":8},"end":{"line":221,"column":57}},"51":{"start":{"line":223,"column":8},"end":{"line":223,"column":85}},"52":{"start":{"line":225,"column":8},"end":{"line":225,"column":62}},"53":{"start":{"line":230,"column":8},"end":{"line":230,"column":54}},"54":{"start":{"line":232,"column":8},"end":{"line":232,"column":66}},"55":{"start":{"line":234,"column":8},"end":{"line":234,"column":50}},"56":{"start":{"line":237,"column":8},"end":{"line":237,"column":48}},"57":{"start":{"line":240,"column":8},"end":{"line":240,"column":44}},"58":{"start":{"line":255,"column":8},"end":{"line":255,"column":8626}},"59":{"start":{"line":256,"column":12},"end":{"line":256,"column":39}},"60":{"start":{"line":259,"column":8},"end":{"line":259,"column":59}}},"branchMap":{"1":{"line":39,"type":"if","locations":[{"start":{"line":39,"column":8},"end":{"line":39,"column":8}},{"start":{"line":39,"column":8},"end":{"line":39,"column":8}}]},"2":{"line":44,"type":"if","locations":[{"start":{"line":44,"column":8},"end":{"line":44,"column":8}},{"start":{"line":44,"column":8},"end":{"line":44,"column":8}}]},"3":{"line":49,"type":"if","locations":[{"start":{"line":49,"column":8},"end":{"line":49,"column":8}},{"start":{"line":49,"column":8},"end":{"line":49,"column":8}}]},"4":{"line":77,"type":"if","locations":[{"start":{"line":77,"column":8},"end":{"line":77,"column":8}},{"start":{"line":77,"column":8},"end":{"line":77,"column":8}}]},"5":{"line":147,"type":"if","locations":[{"start":{"line":147,"column":8},"end":{"line":147,"column":8}},{"start":{"line":147,"column":8},"end":{"line":147,"column":8}}]},"6":{"line":152,"type":"if","locations":[{"start":{"line":152,"column":8},"end":{"line":152,"column":8}},{"start":{"line":152,"column":8},"end":{"line":152,"column":8}}]},"7":{"line":156,"type":"if","locations":[{"start":{"line":156,"column":8},"end":{"line":156,"column":8}},{"start":{"line":156,"column":8},"end":{"line":156,"column":8}}]},"8":{"line":174,"type":"if","locations":[{"start":{"line":174,"column":8},"end":{"line":174,"column":8}},{"start":{"line":174,"column":8},"end":{"line":174,"column":8}}]},"9":{"line":175,"type":"if","locations":[{"start":{"line":175,"column":8},"end":{"line":175,"column":8}},{"start":{"line":175,"column":8},"end":{"line":175,"column":8}}]},"10":{"line":207,"type":"if","locations":[{"start":{"line":207,"column":8},"end":{"line":207,"column":8}},{"start":{"line":207,"column":8},"end":{"line":207,"column":8}}]},"11":{"line":212,"type":"if","locations":[{"start":{"line":212,"column":8},"end":{"line":212,"column":8}},{"start":{"line":212,"column":8},"end":{"line":212,"column":8}}]},"12":{"line":215,"type":"if","locations":[{"start":{"line":215,"column":8},"end":{"line":215,"column":8}},{"start":{"line":215,"column":8},"end":{"line":215,"column":8}}]},"13":{"line":221,"type":"if","locations":[{"start":{"line":221,"column":8},"end":{"line":221,"column":8}},{"start":{"line":221,"column":8},"end":{"line":221,"column":8}}]},"14":{"line":255,"type":"if","locations":[{"start":{"line":255,"column":8},"end":{"line":255,"column":8}},{"start":{"line":255,"column":8},"end":{"line":255,"column":8}}]}}}}
