TN:
SF:/home/peter/Documents/RaidGuild/ens-subdomains/ens-minion/contracts/MinionSubdomainRegistrar.sol
FN:38,owner_only
FN:43,not_stopped
FN:48,registrar_owner_only
FN:60,constructor
FN:68,transferOwnership
FN:76,setMigrationAddress
FN:84,stop
FN:95,setResolver
FN:107,transfer
FN:118,unlistDomain
FN:133,configureDomain
FN:143,configureDomainFor
FN:173,migrate
FN:201,register
FN:228,doRegistration
FN:254,owner
FNF:16
FNH:16
FNDA:59,owner_only
FNDA:26,not_stopped
FNDA:11,registrar_owner_only
FNDA:6,constructor
FNDA:3,transferOwnership
FNDA:4,setMigrationAddress
FNDA:3,stop
FNDA:35,setResolver
FNDA:3,transfer
FNDA:3,unlistDomain
FNDA:6,configureDomain
FNDA:12,configureDomainFor
FNDA:5,migrate
FNDA:9,register
FNDA:6,doRegistration
FNDA:60,owner
DA:39,59
DA:40,58
DA:44,26
DA:45,25
DA:49,11
DA:50,10
DA:61,6
DA:62,6
DA:63,6
DA:69,3
DA:77,4
DA:78,3
DA:85,3
DA:96,35
DA:97,35
DA:98,35
DA:108,3
DA:109,3
DA:110,3
DA:119,3
DA:120,3
DA:121,3
DA:122,3
DA:123,3
DA:134,6
DA:144,12
DA:145,12
DA:147,12
DA:148,9
DA:149,9
DA:152,12
DA:153,9
DA:156,12
DA:158,9
DA:161,12
DA:162,12
DA:164,12
DA:174,5
DA:175,4
DA:177,3
DA:178,3
DA:180,3
DA:182,3
DA:188,3
DA:190,3
DA:202,9
DA:203,9
DA:204,9
DA:207,9
DA:209,8
DA:212,8
DA:215,7
DA:216,3
DA:220,7
DA:221,7
DA:223,6
DA:225,6
DA:230,6
DA:232,6
DA:234,6
DA:237,6
DA:240,6
DA:255,60
DA:256,51
DA:259,9
LF:65
LH:65
BRDA:39,1,0,58
BRDA:39,1,1,1
BRDA:44,2,0,25
BRDA:44,2,1,1
BRDA:49,3,0,10
BRDA:49,3,1,1
BRDA:77,4,0,3
BRDA:77,4,1,1
BRDA:147,5,0,9
BRDA:147,5,1,3
BRDA:152,6,0,9
BRDA:152,6,1,3
BRDA:156,7,0,9
BRDA:156,7,1,3
BRDA:174,8,0,4
BRDA:174,8,1,1
BRDA:175,9,0,3
BRDA:175,9,1,1
BRDA:207,10,0,8
BRDA:207,10,1,1
BRDA:212,11,0,7
BRDA:212,11,1,1
BRDA:215,12,0,3
BRDA:215,12,1,4
BRDA:221,13,0,6
BRDA:221,13,1,1
BRDA:255,14,0,51
BRDA:255,14,1,9
BRF:28
BRH:28
end_of_record
